{"/home/blackburn/code_bases/projects/portfolio/src/App.tsx": {"path":"/home/blackburn/code_bases/projects/portfolio/src/App.tsx","statementMap":{"0":{"start":{"line":5,"column":0},"end":{"line":5,"column":48}},"1":{"start":{"line":8,"column":0},"end":{"line":8,"column":42}},"2":{"start":{"line":9,"column":0},"end":{"line":9,"column":34}},"3":{"start":{"line":10,"column":0},"end":{"line":10,"column":40}},"4":{"start":{"line":13,"column":0},"end":{"line":13,"column":55}},"5":{"start":{"line":14,"column":0},"end":{"line":14,"column":54}},"6":{"start":{"line":15,"column":0},"end":{"line":15,"column":35}},"7":{"start":{"line":17,"column":22},"end":{"line":29,"column":1}},"8":{"start":{"line":18,"column":2},"end":{"line":28,"column":null}},"9":{"start":{"line":31,"column":0},"end":{"line":31,"column":null}}},"fnMap":{"0":{"name":"(anonymous_1)","decl":{"start":{"line":17,"column":22},"end":{"line":17,"column":25}},"loc":{"start":{"line":17,"column":27},"end":{"line":29,"column":1}}}},"branchMap":{},"s":{"0":1,"1":1,"2":1,"3":1,"4":1,"5":1,"6":1,"7":1,"8":1,"9":1},"f":{"0":1},"b":{}}
,"/home/blackburn/code_bases/projects/portfolio/src/StyledApp.ts": {"path":"/home/blackburn/code_bases/projects/portfolio/src/StyledApp.ts","statementMap":{"0":{"start":{"line":2,"column":0},"end":{"line":2,"column":38}},"1":{"start":{"line":3,"column":0},"end":{"line":3,"column":39}},"2":{"start":{"line":5,"column":18},"end":{"line":58,"column":null}},"3":{"start":{"line":60,"column":0},"end":{"line":60,"column":null}}},"fnMap":{},"branchMap":{},"s":{"0":1,"1":1,"2":1,"3":1},"f":{},"b":{}}
,"/home/blackburn/code_bases/projects/portfolio/src/components/elements/AccordionItem/AccordionItem.tsx": {"path":"/home/blackburn/code_bases/projects/portfolio/src/components/elements/AccordionItem/AccordionItem.tsx","statementMap":{"0":{"start":{"line":2,"column":0},"end":{"line":2,"column":25}},"1":{"start":{"line":5,"column":0},"end":{"line":5,"column":49}},"2":{"start":{"line":8,"column":0},"end":{"line":8,"column":55}},"3":{"start":{"line":22,"column":22},"end":{"line":52,"column":1}},"4":{"start":{"line":24,"column":34},"end":{"line":24,"column":68}},"5":{"start":{"line":26,"column":2},"end":{"line":51,"column":null}},"6":{"start":{"line":31,"column":65},"end":{"line":31,"column":87}},"7":{"start":{"line":40,"column":14},"end":{"line":40,"column":null}},"8":{"start":{"line":54,"column":0},"end":{"line":54,"column":null}}},"fnMap":{"0":{"name":"(anonymous_1)","decl":{"start":{"line":22,"column":22},"end":{"line":22,"column":23}},"loc":{"start":{"line":22,"column":72},"end":{"line":52,"column":1}}},"1":{"name":"(anonymous_2)","decl":{"start":{"line":31,"column":59},"end":{"line":31,"column":62}},"loc":{"start":{"line":31,"column":65},"end":{"line":31,"column":87}}},"2":{"name":"(anonymous_3)","decl":{"start":{"line":39,"column":26},"end":{"line":39,"column":28}},"loc":{"start":{"line":40,"column":14},"end":{"line":40,"column":null}}}},"branchMap":{"0":{"loc":{"start":{"line":24,"column":49},"end":{"line":24,"column":67}},"type":"cond-expr","locations":[{"start":{"line":24,"column":55},"end":{"line":24,"column":59}},{"start":{"line":24,"column":62},"end":{"line":24,"column":67}}]},"1":{"loc":{"start":{"line":27,"column":35},"end":{"line":27,"column":63}},"type":"cond-expr","locations":[{"start":{"line":27,"column":46},"end":{"line":27,"column":54}},{"start":{"line":27,"column":57},"end":{"line":27,"column":63}}]},"2":{"loc":{"start":{"line":37,"column":8},"end":{"line":46,"column":null}},"type":"binary-expr","locations":[{"start":{"line":37,"column":8},"end":{"line":37,"column":16}},{"start":{"line":37,"column":20},"end":{"line":46,"column":null}}]}},"s":{"0":3,"1":3,"2":3,"3":3,"4":9,"5":9,"6":2,"7":10,"8":3},"f":{"0":9,"1":2,"2":10},"b":{"0":[6,3],"1":[5,4],"2":[9,5]}}
,"/home/blackburn/code_bases/projects/portfolio/src/components/elements/AccordionItem/StyledAccordionItem.ts": {"path":"/home/blackburn/code_bases/projects/portfolio/src/components/elements/AccordionItem/StyledAccordionItem.ts","statementMap":{"0":{"start":{"line":2,"column":0},"end":{"line":2,"column":38}},"1":{"start":{"line":3,"column":0},"end":{"line":3,"column":39}},"2":{"start":{"line":10,"column":0},"end":{"line":10,"column":51}},"3":{"start":{"line":12,"column":28},"end":{"line":130,"column":null}},"4":{"start":{"line":34,"column":35},"end":{"line":34,"column":49}},"5":{"start":{"line":132,"column":0},"end":{"line":132,"column":null}}},"fnMap":{"0":{"name":"(anonymous_1)","decl":{"start":{"line":34,"column":26},"end":{"line":34,"column":31}},"loc":{"start":{"line":34,"column":35},"end":{"line":34,"column":49}}}},"branchMap":{},"s":{"0":3,"1":3,"2":3,"3":3,"4":9,"5":3},"f":{"0":9},"b":{}}
,"/home/blackburn/code_bases/projects/portfolio/src/components/elements/CornerWrap/CornerWrap.tsx": {"path":"/home/blackburn/code_bases/projects/portfolio/src/components/elements/CornerWrap/CornerWrap.tsx","statementMap":{"0":{"start":{"line":10,"column":0},"end":{"line":10,"column":49}},"1":{"start":{"line":17,"column":19},"end":{"line":25,"column":1}},"2":{"start":{"line":18,"column":2},"end":{"line":24,"column":null}},"3":{"start":{"line":27,"column":0},"end":{"line":27,"column":null}}},"fnMap":{"0":{"name":"(anonymous_1)","decl":{"start":{"line":17,"column":19},"end":{"line":17,"column":20}},"loc":{"start":{"line":17,"column":53},"end":{"line":25,"column":1}}}},"branchMap":{},"s":{"0":2,"1":2,"2":14,"3":2},"f":{"0":14},"b":{}}
,"/home/blackburn/code_bases/projects/portfolio/src/components/elements/CornerWrap/StyledCornerWrap.ts": {"path":"/home/blackburn/code_bases/projects/portfolio/src/components/elements/CornerWrap/StyledCornerWrap.ts","statementMap":{"0":{"start":{"line":2,"column":0},"end":{"line":2,"column":38}},"1":{"start":{"line":5,"column":0},"end":{"line":5,"column":51}},"2":{"start":{"line":7,"column":25},"end":{"line":26,"column":null}},"3":{"start":{"line":28,"column":0},"end":{"line":28,"column":null}}},"fnMap":{},"branchMap":{},"s":{"0":2,"1":2,"2":2,"3":2},"f":{},"b":{}}
,"/home/blackburn/code_bases/projects/portfolio/src/components/elements/Project/Project.tsx": {"path":"/home/blackburn/code_bases/projects/portfolio/src/components/elements/Project/Project.tsx","statementMap":{"0":{"start":{"line":5,"column":0},"end":{"line":5,"column":43}},"1":{"start":{"line":19,"column":16},"end":{"line":36,"column":1}},"2":{"start":{"line":26,"column":2},"end":{"line":35,"column":null}},"3":{"start":{"line":38,"column":0},"end":{"line":38,"column":null}}},"fnMap":{"0":{"name":"(anonymous_1)","decl":{"start":{"line":19,"column":16},"end":{"line":19,"column":17}},"loc":{"start":{"line":25,"column":19},"end":{"line":36,"column":1}}}},"branchMap":{},"s":{"0":2,"1":2,"2":10,"3":2},"f":{"0":10},"b":{}}
,"/home/blackburn/code_bases/projects/portfolio/src/components/elements/Project/StyledProject.ts": {"path":"/home/blackburn/code_bases/projects/portfolio/src/components/elements/Project/StyledProject.ts","statementMap":{"0":{"start":{"line":2,"column":0},"end":{"line":2,"column":38}},"1":{"start":{"line":10,"column":0},"end":{"line":10,"column":51}},"2":{"start":{"line":12,"column":21},"end":{"line":43,"column":null}},"3":{"start":{"line":17,"column":37},"end":{"line":17,"column":50}},"4":{"start":{"line":45,"column":0},"end":{"line":45,"column":null}}},"fnMap":{"0":{"name":"(anonymous_1)","decl":{"start":{"line":17,"column":28},"end":{"line":17,"column":33}},"loc":{"start":{"line":17,"column":37},"end":{"line":17,"column":50}}}},"branchMap":{},"s":{"0":2,"1":2,"2":2,"3":10,"4":2},"f":{"0":10},"b":{}}
,"/home/blackburn/code_bases/projects/portfolio/src/components/layouts/ColumnLayout/ColumnLayout.tsx": {"path":"/home/blackburn/code_bases/projects/portfolio/src/components/layouts/ColumnLayout/ColumnLayout.tsx","statementMap":{"0":{"start":{"line":5,"column":0},"end":{"line":5,"column":53}},"1":{"start":{"line":18,"column":21},"end":{"line":34,"column":1}},"2":{"start":{"line":19,"column":2},"end":{"line":33,"column":null}},"3":{"start":{"line":36,"column":0},"end":{"line":36,"column":null}}},"fnMap":{"0":{"name":"(anonymous_1)","decl":{"start":{"line":18,"column":21},"end":{"line":18,"column":22}},"loc":{"start":{"line":18,"column":61},"end":{"line":34,"column":1}}}},"branchMap":{},"s":{"0":1,"1":1,"2":1,"3":1},"f":{"0":1},"b":{}}
,"/home/blackburn/code_bases/projects/portfolio/src/components/layouts/ColumnLayout/StyledColumnLayout.ts": {"path":"/home/blackburn/code_bases/projects/portfolio/src/components/layouts/ColumnLayout/StyledColumnLayout.ts","statementMap":{"0":{"start":{"line":2,"column":0},"end":{"line":2,"column":38}},"1":{"start":{"line":3,"column":0},"end":{"line":3,"column":39}},"2":{"start":{"line":6,"column":0},"end":{"line":6,"column":51}},"3":{"start":{"line":8,"column":28},"end":{"line":50,"column":null}},"4":{"start":{"line":52,"column":0},"end":{"line":52,"column":null}}},"fnMap":{},"branchMap":{},"s":{"0":1,"1":1,"2":1,"3":1,"4":1},"f":{},"b":{}}
,"/home/blackburn/code_bases/projects/portfolio/src/components/layouts/Projects/Projects.tsx": {"path":"/home/blackburn/code_bases/projects/portfolio/src/components/layouts/Projects/Projects.tsx","statementMap":{"0":{"start":{"line":5,"column":0},"end":{"line":5,"column":55}},"1":{"start":{"line":6,"column":0},"end":{"line":6,"column":46}},"2":{"start":{"line":9,"column":0},"end":{"line":9,"column":45}},"3":{"start":{"line":12,"column":0},"end":{"line":12,"column":49}},"4":{"start":{"line":17,"column":17},"end":{"line":38,"column":1}},"5":{"start":{"line":18,"column":2},"end":{"line":37,"column":null}},"6":{"start":{"line":24,"column":12},"end":{"line":24,"column":null}},"7":{"start":{"line":40,"column":0},"end":{"line":40,"column":null}}},"fnMap":{"0":{"name":"(anonymous_1)","decl":{"start":{"line":17,"column":17},"end":{"line":17,"column":20}},"loc":{"start":{"line":17,"column":22},"end":{"line":38,"column":1}}},"1":{"name":"(anonymous_2)","decl":{"start":{"line":23,"column":23},"end":{"line":23,"column":25}},"loc":{"start":{"line":24,"column":12},"end":{"line":24,"column":null}}}},"branchMap":{},"s":{"0":1,"1":1,"2":1,"3":1,"4":1,"5":1,"6":9,"7":1},"f":{"0":1,"1":9},"b":{}}
,"/home/blackburn/code_bases/projects/portfolio/src/components/layouts/Projects/StyledProjects.ts": {"path":"/home/blackburn/code_bases/projects/portfolio/src/components/layouts/Projects/StyledProjects.ts","statementMap":{"0":{"start":{"line":2,"column":0},"end":{"line":2,"column":38}},"1":{"start":{"line":3,"column":0},"end":{"line":3,"column":39}},"2":{"start":{"line":8,"column":23},"end":{"line":67,"column":null}},"3":{"start":{"line":69,"column":0},"end":{"line":69,"column":null}}},"fnMap":{},"branchMap":{},"s":{"0":1,"1":1,"2":1,"3":1},"f":{},"b":{}}
,"/home/blackburn/code_bases/projects/portfolio/src/components/layouts/SidebarLayout/SidebarLayout.tsx": {"path":"/home/blackburn/code_bases/projects/portfolio/src/components/layouts/SidebarLayout/SidebarLayout.tsx","statementMap":{"0":{"start":{"line":5,"column":0},"end":{"line":5,"column":55}},"1":{"start":{"line":14,"column":22},"end":{"line":31,"column":1}},"2":{"start":{"line":15,"column":2},"end":{"line":30,"column":null}},"3":{"start":{"line":33,"column":0},"end":{"line":33,"column":null}}},"fnMap":{"0":{"name":"(anonymous_1)","decl":{"start":{"line":14,"column":22},"end":{"line":14,"column":25}},"loc":{"start":{"line":14,"column":27},"end":{"line":31,"column":1}}}},"branchMap":{},"s":{"0":1,"1":1,"2":1,"3":1},"f":{"0":1},"b":{}}
,"/home/blackburn/code_bases/projects/portfolio/src/components/layouts/SidebarLayout/StyledSidebarLayout.ts": {"path":"/home/blackburn/code_bases/projects/portfolio/src/components/layouts/SidebarLayout/StyledSidebarLayout.ts","statementMap":{"0":{"start":{"line":2,"column":0},"end":{"line":2,"column":38}},"1":{"start":{"line":3,"column":0},"end":{"line":3,"column":39}},"2":{"start":{"line":6,"column":0},"end":{"line":6,"column":51}},"3":{"start":{"line":8,"column":28},"end":{"line":65,"column":null}},"4":{"start":{"line":67,"column":0},"end":{"line":67,"column":null}}},"fnMap":{},"branchMap":{},"s":{"0":1,"1":1,"2":1,"3":1,"4":1},"f":{},"b":{}}
,"/home/blackburn/code_bases/projects/portfolio/src/components/layouts/Skills/Skills.tsx": {"path":"/home/blackburn/code_bases/projects/portfolio/src/components/layouts/Skills/Skills.tsx","statementMap":{"0":{"start":{"line":5,"column":0},"end":{"line":5,"column":63}},"1":{"start":{"line":8,"column":0},"end":{"line":8,"column":41}},"2":{"start":{"line":11,"column":0},"end":{"line":11,"column":45}},"3":{"start":{"line":16,"column":15},"end":{"line":23,"column":1}},"4":{"start":{"line":17,"column":2},"end":{"line":22,"column":null}},"5":{"start":{"line":25,"column":0},"end":{"line":25,"column":null}}},"fnMap":{"0":{"name":"(anonymous_1)","decl":{"start":{"line":16,"column":15},"end":{"line":16,"column":18}},"loc":{"start":{"line":16,"column":20},"end":{"line":23,"column":1}}}},"branchMap":{},"s":{"0":1,"1":1,"2":1,"3":1,"4":1,"5":1},"f":{"0":1},"b":{}}
,"/home/blackburn/code_bases/projects/portfolio/src/components/layouts/Skills/StyledSkills.ts": {"path":"/home/blackburn/code_bases/projects/portfolio/src/components/layouts/Skills/StyledSkills.ts","statementMap":{"0":{"start":{"line":2,"column":0},"end":{"line":2,"column":39}},"1":{"start":{"line":3,"column":0},"end":{"line":3,"column":38}},"2":{"start":{"line":5,"column":21},"end":{"line":46,"column":null}},"3":{"start":{"line":48,"column":0},"end":{"line":48,"column":null}}},"fnMap":{},"branchMap":{},"s":{"0":1,"1":1,"2":1,"3":1},"f":{},"b":{}}
,"/home/blackburn/code_bases/projects/portfolio/src/components/modules/AccordionWrap/AccordionWrap.tsx": {"path":"/home/blackburn/code_bases/projects/portfolio/src/components/modules/AccordionWrap/AccordionWrap.tsx","statementMap":{"0":{"start":{"line":5,"column":0},"end":{"line":5,"column":64}},"1":{"start":{"line":6,"column":0},"end":{"line":6,"column":55}},"2":{"start":{"line":9,"column":0},"end":{"line":9,"column":55}},"3":{"start":{"line":27,"column":22},"end":{"line":43,"column":1}},"4":{"start":{"line":28,"column":2},"end":{"line":42,"column":null}},"5":{"start":{"line":32,"column":10},"end":{"line":32,"column":null}},"6":{"start":{"line":45,"column":0},"end":{"line":45,"column":null}}},"fnMap":{"0":{"name":"(anonymous_1)","decl":{"start":{"line":27,"column":22},"end":{"line":27,"column":23}},"loc":{"start":{"line":27,"column":55},"end":{"line":43,"column":1}}},"1":{"name":"(anonymous_2)","decl":{"start":{"line":31,"column":17},"end":{"line":31,"column":19}},"loc":{"start":{"line":32,"column":10},"end":{"line":32,"column":null}}}},"branchMap":{},"s":{"0":2,"1":2,"2":2,"3":2,"4":2,"5":5,"6":2},"f":{"0":2,"1":5},"b":{}}
,"/home/blackburn/code_bases/projects/portfolio/src/components/modules/AccordionWrap/StyledAccordionWrap.ts": {"path":"/home/blackburn/code_bases/projects/portfolio/src/components/modules/AccordionWrap/StyledAccordionWrap.ts","statementMap":{"0":{"start":{"line":2,"column":0},"end":{"line":2,"column":38}},"1":{"start":{"line":4,"column":28},"end":{"line":7,"column":null}},"2":{"start":{"line":9,"column":0},"end":{"line":9,"column":null}}},"fnMap":{},"branchMap":{},"s":{"0":2,"1":2,"2":2},"f":{},"b":{}}
,"/home/blackburn/code_bases/projects/portfolio/src/components/modules/Footer/Footer.tsx": {"path":"/home/blackburn/code_bases/projects/portfolio/src/components/modules/Footer/Footer.tsx","statementMap":{"0":{"start":{"line":5,"column":0},"end":{"line":5,"column":41}},"1":{"start":{"line":10,"column":15},"end":{"line":20,"column":1}},"2":{"start":{"line":11,"column":2},"end":{"line":19,"column":null}},"3":{"start":{"line":22,"column":0},"end":{"line":22,"column":null}}},"fnMap":{"0":{"name":"(anonymous_1)","decl":{"start":{"line":10,"column":15},"end":{"line":10,"column":18}},"loc":{"start":{"line":10,"column":20},"end":{"line":20,"column":1}}}},"branchMap":{},"s":{"0":1,"1":1,"2":1,"3":1},"f":{"0":1},"b":{}}
,"/home/blackburn/code_bases/projects/portfolio/src/components/modules/Footer/StyledFooter.ts": {"path":"/home/blackburn/code_bases/projects/portfolio/src/components/modules/Footer/StyledFooter.ts","statementMap":{"0":{"start":{"line":2,"column":0},"end":{"line":2,"column":38}},"1":{"start":{"line":3,"column":0},"end":{"line":3,"column":39}},"2":{"start":{"line":6,"column":0},"end":{"line":6,"column":51}},"3":{"start":{"line":8,"column":21},"end":{"line":56,"column":null}},"4":{"start":{"line":58,"column":0},"end":{"line":58,"column":null}}},"fnMap":{},"branchMap":{},"s":{"0":1,"1":1,"2":1,"3":1,"4":1},"f":{},"b":{}}
,"/home/blackburn/code_bases/projects/portfolio/src/components/modules/Header/Header.tsx": {"path":"/home/blackburn/code_bases/projects/portfolio/src/components/modules/Header/Header.tsx","statementMap":{"0":{"start":{"line":5,"column":0},"end":{"line":5,"column":39}},"1":{"start":{"line":8,"column":0},"end":{"line":8,"column":50}},"2":{"start":{"line":11,"column":0},"end":{"line":11,"column":41}},"3":{"start":{"line":16,"column":15},"end":{"line":26,"column":1}},"4":{"start":{"line":17,"column":2},"end":{"line":25,"column":null}},"5":{"start":{"line":28,"column":0},"end":{"line":28,"column":null}}},"fnMap":{"0":{"name":"(anonymous_1)","decl":{"start":{"line":16,"column":15},"end":{"line":16,"column":18}},"loc":{"start":{"line":16,"column":20},"end":{"line":26,"column":1}}}},"branchMap":{},"s":{"0":1,"1":1,"2":1,"3":1,"4":1,"5":1},"f":{"0":1},"b":{}}
,"/home/blackburn/code_bases/projects/portfolio/src/components/modules/Header/StyledHeader.ts": {"path":"/home/blackburn/code_bases/projects/portfolio/src/components/modules/Header/StyledHeader.ts","statementMap":{"0":{"start":{"line":2,"column":0},"end":{"line":2,"column":38}},"1":{"start":{"line":3,"column":0},"end":{"line":3,"column":39}},"2":{"start":{"line":6,"column":0},"end":{"line":6,"column":51}},"3":{"start":{"line":8,"column":21},"end":{"line":49,"column":null}},"4":{"start":{"line":51,"column":0},"end":{"line":51,"column":null}}},"fnMap":{},"branchMap":{},"s":{"0":1,"1":1,"2":1,"3":1,"4":1},"f":{},"b":{}}
,"/home/blackburn/code_bases/projects/portfolio/src/components/modules/Header/assets/hexapixel_logo.jpg": {"path":"/home/blackburn/code_bases/projects/portfolio/src/components/modules/Header/assets/hexapixel_logo.jpg","statementMap":{"0":{"start":{"line":1,"column":0},"end":{"line":1,"column":38}}},"fnMap":{},"branchMap":{},"s":{"0":1},"f":{},"b":{},"_coverageSchema":"1a1c01bbd47fc00a2c39e90264f33305004495a9","hash":"9b1aeb6b565915776245539de7fc64ba050000e4"}
,"/home/blackburn/code_bases/projects/portfolio/src/components/modules/HeroImage/HeroImage.tsx": {"path":"/home/blackburn/code_bases/projects/portfolio/src/components/modules/HeroImage/HeroImage.tsx","statementMap":{"0":{"start":{"line":5,"column":0},"end":{"line":5,"column":47}},"1":{"start":{"line":10,"column":18},"end":{"line":27,"column":1}},"2":{"start":{"line":11,"column":2},"end":{"line":26,"column":null}},"3":{"start":{"line":29,"column":0},"end":{"line":29,"column":null}}},"fnMap":{"0":{"name":"(anonymous_1)","decl":{"start":{"line":10,"column":18},"end":{"line":10,"column":21}},"loc":{"start":{"line":10,"column":23},"end":{"line":27,"column":1}}}},"branchMap":{},"s":{"0":1,"1":1,"2":1,"3":1},"f":{"0":1},"b":{}}
,"/home/blackburn/code_bases/projects/portfolio/src/components/modules/HeroImage/StyledHeroImage.ts": {"path":"/home/blackburn/code_bases/projects/portfolio/src/components/modules/HeroImage/StyledHeroImage.ts","statementMap":{"0":{"start":{"line":2,"column":0},"end":{"line":2,"column":38}},"1":{"start":{"line":3,"column":0},"end":{"line":3,"column":39}},"2":{"start":{"line":6,"column":0},"end":{"line":6,"column":48}},"3":{"start":{"line":8,"column":24},"end":{"line":85,"column":null}},"4":{"start":{"line":87,"column":0},"end":{"line":87,"column":null}}},"fnMap":{},"branchMap":{},"s":{"0":1,"1":1,"2":1,"3":1,"4":1},"f":{},"b":{}}
,"/home/blackburn/code_bases/projects/portfolio/src/components/modules/HeroImage/assets/karlSlider.jpg": {"path":"/home/blackburn/code_bases/projects/portfolio/src/components/modules/HeroImage/assets/karlSlider.jpg","statementMap":{"0":{"start":{"line":1,"column":0},"end":{"line":1,"column":34}}},"fnMap":{},"branchMap":{},"s":{"0":1},"f":{},"b":{},"_coverageSchema":"1a1c01bbd47fc00a2c39e90264f33305004495a9","hash":"4cf5ec449afcb79bf139774b55122670d16e6bb2"}
,"/home/blackburn/code_bases/projects/portfolio/src/components/pages/Home/Home.tsx": {"path":"/home/blackburn/code_bases/projects/portfolio/src/components/pages/Home/Home.tsx","statementMap":{"0":{"start":{"line":5,"column":0},"end":{"line":5,"column":42}},"1":{"start":{"line":6,"column":0},"end":{"line":6,"column":51}},"2":{"start":{"line":7,"column":0},"end":{"line":7,"column":48}},"3":{"start":{"line":8,"column":0},"end":{"line":8,"column":42}},"4":{"start":{"line":11,"column":0},"end":{"line":11,"column":37}},"5":{"start":{"line":16,"column":13},"end":{"line":25,"column":1}},"6":{"start":{"line":17,"column":2},"end":{"line":24,"column":null}},"7":{"start":{"line":27,"column":0},"end":{"line":27,"column":null}}},"fnMap":{"0":{"name":"(anonymous_1)","decl":{"start":{"line":16,"column":13},"end":{"line":16,"column":16}},"loc":{"start":{"line":16,"column":18},"end":{"line":25,"column":1}}}},"branchMap":{},"s":{"0":1,"1":1,"2":1,"3":1,"4":1,"5":1,"6":1,"7":1},"f":{"0":1},"b":{}}
,"/home/blackburn/code_bases/projects/portfolio/src/components/pages/Home/StyledHome.ts": {"path":"/home/blackburn/code_bases/projects/portfolio/src/components/pages/Home/StyledHome.ts","statementMap":{"0":{"start":{"line":2,"column":0},"end":{"line":2,"column":38}},"1":{"start":{"line":3,"column":0},"end":{"line":3,"column":39}},"2":{"start":{"line":6,"column":0},"end":{"line":6,"column":51}},"3":{"start":{"line":9,"column":0},"end":{"line":9,"column":54}},"4":{"start":{"line":11,"column":19},"end":{"line":50,"column":null}},"5":{"start":{"line":52,"column":0},"end":{"line":52,"column":null}}},"fnMap":{},"branchMap":{},"s":{"0":1,"1":1,"2":1,"3":1,"4":1,"5":1},"f":{},"b":{}}
,"/home/blackburn/code_bases/projects/portfolio/src/components/pages/Resume/Resume.tsx": {"path":"/home/blackburn/code_bases/projects/portfolio/src/components/pages/Resume/Resume.tsx","statementMap":{"0":{"start":{"line":8,"column":0},"end":{"line":8,"column":41}},"1":{"start":{"line":11,"column":0},"end":{"line":11,"column":51}},"2":{"start":{"line":12,"column":0},"end":{"line":12,"column":45}},"3":{"start":{"line":13,"column":0},"end":{"line":13,"column":45}},"4":{"start":{"line":18,"column":15},"end":{"line":86,"column":1}},"5":{"start":{"line":19,"column":2},"end":{"line":85,"column":null}},"6":{"start":{"line":41,"column":12},"end":{"line":41,"column":null}},"7":{"start":{"line":47,"column":112},"end":{"line":47,"column":133}},"8":{"start":{"line":58,"column":14},"end":{"line":58,"column":null}},"9":{"start":{"line":61,"column":60},"end":{"line":61,"column":85}},"10":{"start":{"line":72,"column":12},"end":{"line":72,"column":null}},"11":{"start":{"line":88,"column":0},"end":{"line":88,"column":null}}},"fnMap":{"0":{"name":"(anonymous_1)","decl":{"start":{"line":18,"column":15},"end":{"line":18,"column":18}},"loc":{"start":{"line":18,"column":20},"end":{"line":86,"column":1}}},"1":{"name":"(anonymous_2)","decl":{"start":{"line":40,"column":47},"end":{"line":40,"column":49}},"loc":{"start":{"line":41,"column":12},"end":{"line":41,"column":null}}},"2":{"name":"(anonymous_3)","decl":{"start":{"line":47,"column":91},"end":{"line":47,"column":92}},"loc":{"start":{"line":47,"column":112},"end":{"line":47,"column":133}}},"3":{"name":"(anonymous_4)","decl":{"start":{"line":57,"column":23},"end":{"line":57,"column":25}},"loc":{"start":{"line":58,"column":14},"end":{"line":58,"column":null}}},"4":{"name":"(anonymous_5)","decl":{"start":{"line":61,"column":41},"end":{"line":61,"column":42}},"loc":{"start":{"line":61,"column":60},"end":{"line":61,"column":85}}},"5":{"name":"(anonymous_6)","decl":{"start":{"line":71,"column":24},"end":{"line":71,"column":26}},"loc":{"start":{"line":72,"column":12},"end":{"line":72,"column":null}}}},"branchMap":{},"s":{"0":2,"1":2,"2":2,"3":2,"4":2,"5":1,"6":9,"7":102,"8":3,"9":26,"10":2,"11":2},"f":{"0":1,"1":9,"2":102,"3":3,"4":26,"5":2},"b":{}}
,"/home/blackburn/code_bases/projects/portfolio/src/components/pages/Resume/StyledResume.ts": {"path":"/home/blackburn/code_bases/projects/portfolio/src/components/pages/Resume/StyledResume.ts","statementMap":{"0":{"start":{"line":2,"column":0},"end":{"line":2,"column":38}},"1":{"start":{"line":3,"column":0},"end":{"line":3,"column":39}},"2":{"start":{"line":6,"column":0},"end":{"line":6,"column":51}},"3":{"start":{"line":7,"column":0},"end":{"line":7,"column":51}},"4":{"start":{"line":9,"column":21},"end":{"line":403,"column":null}},"5":{"start":{"line":405,"column":0},"end":{"line":405,"column":null}}},"fnMap":{},"branchMap":{},"s":{"0":2,"1":2,"2":2,"3":2,"4":2,"5":2},"f":{},"b":{}}
,"/home/blackburn/code_bases/projects/portfolio/src/globalConfig/GlobalStyles.ts": {"path":"/home/blackburn/code_bases/projects/portfolio/src/globalConfig/GlobalStyles.ts","statementMap":{"0":{"start":{"line":2,"column":0},"end":{"line":2,"column":53}},"1":{"start":{"line":3,"column":0},"end":{"line":3,"column":39}},"2":{"start":{"line":6,"column":0},"end":{"line":6,"column":40}},"3":{"start":{"line":8,"column":20},"end":{"line":316,"column":null}},"4":{"start":{"line":318,"column":0},"end":{"line":318,"column":null}}},"fnMap":{},"branchMap":{},"s":{"0":1,"1":1,"2":1,"3":1,"4":1},"f":{},"b":{}}
,"/home/blackburn/code_bases/projects/portfolio/src/globalConfig/colors.ts": {"path":"/home/blackburn/code_bases/projects/portfolio/src/globalConfig/colors.ts","statementMap":{"0":{"start":{"line":2,"column":22},"end":{"line":7,"column":null}},"1":{"start":{"line":9,"column":9},"end":{"line":9,"column":22}}},"fnMap":{},"branchMap":{},"s":{"0":7,"1":7},"f":{},"b":{}}
,"/home/blackburn/code_bases/projects/portfolio/src/globalConfig/mobile.ts": {"path":"/home/blackburn/code_bases/projects/portfolio/src/globalConfig/mobile.ts","statementMap":{"0":{"start":{"line":2,"column":0},"end":{"line":2,"column":50}},"1":{"start":{"line":10,"column":21},"end":{"line":18,"column":null}},"2":{"start":{"line":30,"column":21},"end":{"line":42,"column":12}},"3":{"start":{"line":31,"column":2},"end":{"line":38,"column":null}},"4":{"start":{"line":34,"column":7},"end":{"line":38,"column":null}},"5":{"start":{"line":39,"column":2},"end":{"line":39,"column":null}},"6":{"start":{"line":44,"column":0},"end":{"line":44,"column":null}}},"fnMap":{"0":{"name":"(anonymous_0)","decl":{"start":{"line":30,"column":47},"end":{"line":30,"column":49}},"loc":{"start":{"line":30,"column":64},"end":{"line":40,"column":1}}},"1":{"name":"(anonymous_1)","decl":{"start":{"line":31,"column":15},"end":{"line":31,"column":null}},"loc":{"start":{"line":34,"column":7},"end":{"line":38,"column":null}}}},"branchMap":{},"s":{"0":6,"1":6,"2":6,"3":42,"4":83,"5":42,"6":6},"f":{"0":42,"1":83},"b":{}}
}
