TN:
SF:src/App.tsx
FN:17,(anonymous_1)
FNF:1
FNH:1
FNDA:1,(anonymous_1)
DA:5,1
DA:8,1
DA:9,1
DA:10,1
DA:13,1
DA:14,1
DA:15,1
DA:17,1
DA:18,1
DA:31,1
LF:10
LH:10
BRF:0
BRH:0
end_of_record
TN:
SF:src/StyledApp.ts
FNF:0
FNH:0
DA:2,1
DA:3,1
DA:5,1
DA:60,1
LF:4
LH:4
BRF:0
BRH:0
end_of_record
TN:
SF:src/components/elements/AccordionItem/AccordionItem.tsx
FN:22,(anonymous_1)
FN:31,(anonymous_2)
FN:39,(anonymous_3)
FNF:3
FNH:3
FNDA:9,(anonymous_1)
FNDA:2,(anonymous_2)
FNDA:10,(anonymous_3)
DA:2,3
DA:5,3
DA:8,3
DA:22,3
DA:24,9
DA:26,9
DA:31,2
DA:40,10
DA:54,3
LF:9
LH:9
BRDA:24,0,0,6
BRDA:24,0,1,3
BRDA:27,1,0,5
BRDA:27,1,1,4
BRDA:37,2,0,9
BRDA:37,2,1,5
BRF:6
BRH:6
end_of_record
TN:
SF:src/components/elements/AccordionItem/StyledAccordionItem.ts
FN:34,(anonymous_1)
FNF:1
FNH:1
FNDA:9,(anonymous_1)
DA:2,3
DA:3,3
DA:10,3
DA:12,3
DA:34,9
DA:132,3
LF:6
LH:6
BRF:0
BRH:0
end_of_record
TN:
SF:src/components/elements/CornerWrap/CornerWrap.tsx
FN:17,(anonymous_1)
FNF:1
FNH:1
FNDA:14,(anonymous_1)
DA:10,2
DA:17,2
DA:18,14
DA:27,2
LF:4
LH:4
BRF:0
BRH:0
end_of_record
TN:
SF:src/components/elements/CornerWrap/StyledCornerWrap.ts
FNF:0
FNH:0
DA:2,2
DA:5,2
DA:7,2
DA:28,2
LF:4
LH:4
BRF:0
BRH:0
end_of_record
TN:
SF:src/components/elements/Project/Project.tsx
FN:19,(anonymous_1)
FNF:1
FNH:1
FNDA:10,(anonymous_1)
DA:5,2
DA:19,2
DA:26,10
DA:38,2
LF:4
LH:4
BRF:0
BRH:0
end_of_record
TN:
SF:src/components/elements/Project/StyledProject.ts
FN:17,(anonymous_1)
FNF:1
FNH:1
FNDA:10,(anonymous_1)
DA:2,2
DA:10,2
DA:12,2
DA:17,10
DA:45,2
LF:5
LH:5
BRF:0
BRH:0
end_of_record
TN:
SF:src/components/layouts/ColumnLayout/ColumnLayout.tsx
FN:18,(anonymous_1)
FNF:1
FNH:1
FNDA:1,(anonymous_1)
DA:5,1
DA:18,1
DA:19,1
DA:36,1
LF:4
LH:4
BRF:0
BRH:0
end_of_record
TN:
SF:src/components/layouts/ColumnLayout/StyledColumnLayout.ts
FNF:0
FNH:0
DA:2,1
DA:3,1
DA:6,1
DA:8,1
DA:52,1
LF:5
LH:5
BRF:0
BRH:0
end_of_record
TN:
SF:src/components/layouts/Projects/Projects.tsx
FN:17,(anonymous_1)
FN:23,(anonymous_2)
FNF:2
FNH:2
FNDA:1,(anonymous_1)
FNDA:9,(anonymous_2)
DA:5,1
DA:6,1
DA:9,1
DA:12,1
DA:17,1
DA:18,1
DA:24,9
DA:40,1
LF:8
LH:8
BRF:0
BRH:0
end_of_record
TN:
SF:src/components/layouts/Projects/StyledProjects.ts
FNF:0
FNH:0
DA:2,1
DA:3,1
DA:8,1
DA:69,1
LF:4
LH:4
BRF:0
BRH:0
end_of_record
TN:
SF:src/components/layouts/SidebarLayout/SidebarLayout.tsx
FN:14,(anonymous_1)
FNF:1
FNH:1
FNDA:1,(anonymous_1)
DA:5,1
DA:14,1
DA:15,1
DA:33,1
LF:4
LH:4
BRF:0
BRH:0
end_of_record
TN:
SF:src/components/layouts/SidebarLayout/StyledSidebarLayout.ts
FNF:0
FNH:0
DA:2,1
DA:3,1
DA:6,1
DA:8,1
DA:67,1
LF:5
LH:5
BRF:0
BRH:0
end_of_record
TN:
SF:src/components/layouts/Skills/Skills.tsx
FN:16,(anonymous_1)
FNF:1
FNH:1
FNDA:1,(anonymous_1)
DA:5,1
DA:8,1
DA:11,1
DA:16,1
DA:17,1
DA:25,1
LF:6
LH:6
BRF:0
BRH:0
end_of_record
TN:
SF:src/components/layouts/Skills/StyledSkills.ts
FNF:0
FNH:0
DA:2,1
DA:3,1
DA:5,1
DA:48,1
LF:4
LH:4
BRF:0
BRH:0
end_of_record
TN:
SF:src/components/modules/AccordionWrap/AccordionWrap.tsx
FN:27,(anonymous_1)
FN:31,(anonymous_2)
FNF:2
FNH:2
FNDA:2,(anonymous_1)
FNDA:5,(anonymous_2)
DA:5,2
DA:6,2
DA:9,2
DA:27,2
DA:28,2
DA:32,5
DA:45,2
LF:7
LH:7
BRF:0
BRH:0
end_of_record
TN:
SF:src/components/modules/AccordionWrap/StyledAccordionWrap.ts
FNF:0
FNH:0
DA:2,2
DA:4,2
DA:9,2
LF:3
LH:3
BRF:0
BRH:0
end_of_record
TN:
SF:src/components/modules/Footer/Footer.tsx
FN:10,(anonymous_1)
FNF:1
FNH:1
FNDA:1,(anonymous_1)
DA:5,1
DA:10,1
DA:11,1
DA:22,1
LF:4
LH:4
BRF:0
BRH:0
end_of_record
TN:
SF:src/components/modules/Footer/StyledFooter.ts
FNF:0
FNH:0
DA:2,1
DA:3,1
DA:6,1
DA:8,1
DA:58,1
LF:5
LH:5
BRF:0
BRH:0
end_of_record
TN:
SF:src/components/modules/Header/Header.tsx
FN:16,(anonymous_1)
FNF:1
FNH:1
FNDA:1,(anonymous_1)
DA:5,1
DA:8,1
DA:11,1
DA:16,1
DA:17,1
DA:28,1
LF:6
LH:6
BRF:0
BRH:0
end_of_record
TN:
SF:src/components/modules/Header/StyledHeader.ts
FNF:0
FNH:0
DA:2,1
DA:3,1
DA:6,1
DA:8,1
DA:51,1
LF:5
LH:5
BRF:0
BRH:0
end_of_record
TN:
SF:src/components/modules/Header/assets/hexapixel_logo.jpg
FNF:0
FNH:0
DA:1,1
LF:1
LH:1
BRF:0
BRH:0
end_of_record
TN:
SF:src/components/modules/HeroImage/HeroImage.tsx
FN:10,(anonymous_1)
FNF:1
FNH:1
FNDA:1,(anonymous_1)
DA:5,1
DA:10,1
DA:11,1
DA:29,1
LF:4
LH:4
BRF:0
BRH:0
end_of_record
TN:
SF:src/components/modules/HeroImage/StyledHeroImage.ts
FNF:0
FNH:0
DA:2,1
DA:3,1
DA:6,1
DA:8,1
DA:87,1
LF:5
LH:5
BRF:0
BRH:0
end_of_record
TN:
SF:src/components/modules/HeroImage/assets/karlSlider.jpg
FNF:0
FNH:0
DA:1,1
LF:1
LH:1
BRF:0
BRH:0
end_of_record
TN:
SF:src/components/pages/Home/Home.tsx
FN:16,(anonymous_1)
FNF:1
FNH:1
FNDA:1,(anonymous_1)
DA:5,1
DA:6,1
DA:7,1
DA:8,1
DA:11,1
DA:16,1
DA:17,1
DA:27,1
LF:8
LH:8
BRF:0
BRH:0
end_of_record
TN:
SF:src/components/pages/Home/StyledHome.ts
FNF:0
FNH:0
DA:2,1
DA:3,1
DA:6,1
DA:9,1
DA:11,1
DA:52,1
LF:6
LH:6
BRF:0
BRH:0
end_of_record
TN:
SF:src/components/pages/Resume/Resume.tsx
FN:18,(anonymous_1)
FN:40,(anonymous_2)
FN:47,(anonymous_3)
FN:57,(anonymous_4)
FN:61,(anonymous_5)
FN:71,(anonymous_6)
FNF:6
FNH:6
FNDA:1,(anonymous_1)
FNDA:9,(anonymous_2)
FNDA:102,(anonymous_3)
FNDA:3,(anonymous_4)
FNDA:26,(anonymous_5)
FNDA:2,(anonymous_6)
DA:8,2
DA:11,2
DA:12,2
DA:13,2
DA:18,2
DA:19,1
DA:41,9
DA:47,102
DA:58,3
DA:61,26
DA:72,2
DA:88,2
LF:12
LH:12
BRF:0
BRH:0
end_of_record
TN:
SF:src/components/pages/Resume/StyledResume.ts
FNF:0
FNH:0
DA:2,2
DA:3,2
DA:6,2
DA:7,2
DA:9,2
DA:405,2
LF:6
LH:6
BRF:0
BRH:0
end_of_record
TN:
SF:src/globalAssets/data/education.ts
FNF:0
FNH:0
DA:4,2
DA:21,2
LF:2
LH:2
BRF:0
BRH:0
end_of_record
TN:
SF:src/globalAssets/data/projects.ts
FNF:0
FNH:0
DA:4,1
DA:70,1
LF:2
LH:2
BRF:0
BRH:0
end_of_record
TN:
SF:src/globalAssets/data/resume.ts
FNF:0
FNH:0
DA:5,2
DA:187,2
LF:2
LH:2
BRF:0
BRH:0
end_of_record
TN:
SF:src/globalAssets/data/skills.ts
FNF:0
FNH:0
DA:4,2
DA:132,2
LF:2
LH:2
BRF:0
BRH:0
end_of_record
TN:
SF:src/globalAssets/fonts/fonts.js
FNF:0
FNH:0
LF:0
LH:0
BRF:0
BRH:0
end_of_record
TN:
SF:src/globalAssets/fonts/Lato/Lato-Regular.ttf
FNF:0
FNH:0
DA:1,1
LF:1
LH:1
BRF:0
BRH:0
end_of_record
TN:
SF:src/globalAssets/fonts/Montserrat/static/Montserrat-Bold.ttf
FNF:0
FNH:0
DA:1,1
LF:1
LH:1
BRF:0
BRH:0
end_of_record
TN:
SF:src/globalAssets/fonts/Montserrat/static/Montserrat-Regular.ttf
FNF:0
FNH:0
DA:1,1
LF:1
LH:1
BRF:0
BRH:0
end_of_record
TN:
SF:src/globalAssets/fonts/Roboto_Condensed/RobotoCondensed-Regular.ttf
FNF:0
FNH:0
DA:1,1
LF:1
LH:1
BRF:0
BRH:0
end_of_record
TN:
SF:src/globalAssets/images/arrow.png
FNF:0
FNH:0
DA:1,3
LF:1
LH:1
BRF:0
BRH:0
end_of_record
TN:
SF:src/globalAssets/images/bgrep.png
FNF:0
FNH:0
DA:1,1
LF:1
LH:1
BRF:0
BRH:0
end_of_record
TN:
SF:src/globalAssets/images/hexrepeat2.jpg
FNF:0
FNH:0
DA:1,2
LF:1
LH:1
BRF:0
BRH:0
end_of_record
TN:
SF:src/globalAssets/images/projects/jungle.png
FNF:0
FNH:0
DA:1,1
LF:1
LH:1
BRF:0
BRH:0
end_of_record
TN:
SF:src/globalAssets/images/projects/portfolio_rebuild.png
FNF:0
FNH:0
DA:1,1
LF:1
LH:1
BRF:0
BRH:0
end_of_record
TN:
SF:src/globalAssets/images/projects/portfolio_rebuild_2022.png
FNF:0
FNH:0
DA:1,1
LF:1
LH:1
BRF:0
BRH:0
end_of_record
TN:
SF:src/globalAssets/images/projects/react_template_2022.png
FNF:0
FNH:0
DA:1,1
LF:1
LH:1
BRF:0
BRH:0
end_of_record
TN:
SF:src/globalAssets/images/projects/reactjsbasictemplate2023_screenshot.png
FNF:0
FNH:0
DA:1,1
LF:1
LH:1
BRF:0
BRH:0
end_of_record
TN:
SF:src/globalAssets/images/projects/squabble.png
FNF:0
FNH:0
DA:1,1
LF:1
LH:1
BRF:0
BRH:0
end_of_record
TN:
SF:src/globalAssets/images/projects/weather.png
FNF:0
FNH:0
DA:1,1
LF:1
LH:1
BRF:0
BRH:0
end_of_record
TN:
SF:src/globalAssets/images/projects/weather_rebuild.png
FNF:0
FNH:0
DA:1,1
LF:1
LH:1
BRF:0
BRH:0
end_of_record
TN:
SF:src/globalConfig/GlobalStyles.ts
FNF:0
FNH:0
DA:2,1
DA:3,1
DA:6,1
DA:8,1
DA:318,1
LF:5
LH:5
BRF:0
BRH:0
end_of_record
TN:
SF:src/globalConfig/colors.ts
FNF:0
FNH:0
DA:2,7
DA:9,7
LF:2
LH:2
BRF:0
BRH:0
end_of_record
TN:
SF:src/globalConfig/mobile.ts
FN:30,(anonymous_0)
FN:31,(anonymous_1)
FNF:2
FNH:2
FNDA:42,(anonymous_0)
FNDA:83,(anonymous_1)
DA:2,6
DA:10,6
DA:30,6
DA:31,42
DA:34,83
DA:39,42
DA:44,6
LF:7
LH:7
BRF:0
BRH:0
end_of_record
TN:
SF:src/globalConfig/templates/styles.ts
FNF:0
FNH:0
DA:2,0
DA:3,0
DA:5,0
LF:3
LH:0
BRF:0
BRH:0
end_of_record
TN:
SF:src/types/globals.d.ts
FNF:0
FNH:0
LF:0
LH:0
BRF:0
BRH:0
end_of_record
TN:
SF:src/types/index.d.ts
FNF:0
FNH:0
LF:0
LH:0
BRF:0
BRH:0
end_of_record
