TN:
SF:src/App.tsx
FN:15,(anonymous_1)
FNF:1
FNH:1
FNDA:1,(anonymous_1)
DA:5,1
DA:8,1
DA:9,1
DA:11,1
DA:12,1
DA:13,1
DA:15,1
DA:16,1
DA:28,1
LF:9
LH:9
BRF:0
BRH:0
end_of_record
TN:
SF:src/StyledApp.ts
FNF:0
FNH:0
DA:2,1
DA:3,1
DA:5,1
DA:60,1
LF:4
LH:4
BRF:0
BRH:0
end_of_record
TN:
SF:src/components/elements/AccordionItem/AccordionItem.tsx
FN:22,(anonymous_1)
FN:31,(anonymous_2)
FN:39,(anonymous_3)
FNF:3
FNH:3
FNDA:5,(anonymous_1)
FNDA:1,(anonymous_2)
FNDA:7,(anonymous_3)
DA:2,2
DA:5,2
DA:8,2
DA:22,2
DA:24,5
DA:26,5
DA:31,1
DA:40,7
DA:54,2
LF:9
LH:9
BRDA:24,0,0,3
BRDA:24,0,1,2
BRDA:27,1,0,2
BRDA:27,1,1,3
BRDA:37,2,0,5
BRDA:37,2,1,2
BRF:6
BRH:6
end_of_record
TN:
SF:src/components/elements/AccordionItem/StyledAccordionItem.ts
FN:32,(anonymous_1)
FNF:1
FNH:1
FNDA:5,(anonymous_1)
DA:2,2
DA:3,2
DA:10,2
DA:12,2
DA:32,5
DA:130,2
LF:6
LH:6
BRF:0
BRH:0
end_of_record
TN:
SF:src/components/elements/CornerWrap/CornerWrap.tsx
FN:17,(anonymous_1)
FNF:1
FNH:1
FNDA:10,(anonymous_1)
DA:10,1
DA:17,1
DA:18,10
DA:27,1
LF:4
LH:4
BRF:0
BRH:0
end_of_record
TN:
SF:src/components/elements/CornerWrap/StyledCornerWrap.ts
FNF:0
FNH:0
DA:2,1
DA:5,1
DA:7,1
DA:28,1
LF:4
LH:4
BRF:0
BRH:0
end_of_record
TN:
SF:src/components/elements/Project/Project.tsx
FN:19,(anonymous_1)
FNF:1
FNH:1
FNDA:7,(anonymous_1)
DA:5,1
DA:19,1
DA:26,7
DA:38,1
LF:4
LH:4
BRF:0
BRH:0
end_of_record
TN:
SF:src/components/elements/Project/StyledProject.ts
FN:17,(anonymous_1)
FNF:1
FNH:1
FNDA:7,(anonymous_1)
DA:2,1
DA:10,1
DA:12,1
DA:17,7
DA:45,1
LF:5
LH:5
BRF:0
BRH:0
end_of_record
TN:
SF:src/components/layouts/Projects/Projects.tsx
FN:17,(anonymous_1)
FN:23,(anonymous_2)
FNF:2
FNH:2
FNDA:1,(anonymous_1)
FNDA:7,(anonymous_2)
DA:5,1
DA:6,1
DA:9,1
DA:12,1
DA:17,1
DA:18,1
DA:24,7
DA:40,1
LF:8
LH:8
BRF:0
BRH:0
end_of_record
TN:
SF:src/components/layouts/Projects/StyledProjects.ts
FNF:0
FNH:0
DA:2,1
DA:3,1
DA:8,1
DA:67,1
LF:4
LH:4
BRF:0
BRH:0
end_of_record
TN:
SF:src/components/layouts/Skills/Skills.tsx
FN:16,(anonymous_1)
FNF:1
FNH:1
FNDA:1,(anonymous_1)
DA:5,1
DA:8,1
DA:11,1
DA:16,1
DA:17,1
DA:25,1
LF:6
LH:6
BRF:0
BRH:0
end_of_record
TN:
SF:src/components/layouts/Skills/StyledSkills.ts
FNF:0
FNH:0
DA:2,1
DA:4,1
DA:8,1
LF:3
LH:3
BRF:0
BRH:0
end_of_record
TN:
SF:src/components/modules/AccordionWrap/AccordionWrap.tsx
FN:27,(anonymous_1)
FN:31,(anonymous_2)
FNF:2
FNH:2
FNDA:1,(anonymous_1)
FNDA:3,(anonymous_2)
DA:5,1
DA:6,1
DA:9,1
DA:27,1
DA:28,1
DA:32,3
DA:45,1
LF:7
LH:7
BRF:0
BRH:0
end_of_record
TN:
SF:src/components/modules/AccordionWrap/StyledAccordionWrap.ts
FNF:0
FNH:0
DA:2,1
DA:4,1
DA:9,1
LF:3
LH:3
BRF:0
BRH:0
end_of_record
TN:
SF:src/components/modules/Footer/Footer.tsx
FN:10,(anonymous_1)
FNF:1
FNH:1
FNDA:1,(anonymous_1)
DA:5,1
DA:10,1
DA:11,1
DA:22,1
LF:4
LH:4
BRF:0
BRH:0
end_of_record
TN:
SF:src/components/modules/Footer/StyledFooter.ts
FNF:0
FNH:0
DA:2,1
DA:3,1
DA:6,1
DA:8,1
DA:58,1
LF:5
LH:5
BRF:0
BRH:0
end_of_record
TN:
SF:src/components/modules/Header/Header.tsx
FN:16,(anonymous_1)
FNF:1
FNH:1
FNDA:1,(anonymous_1)
DA:5,1
DA:8,1
DA:11,1
DA:16,1
DA:17,1
DA:28,1
LF:6
LH:6
BRF:0
BRH:0
end_of_record
TN:
SF:src/components/modules/Header/StyledHeader.ts
FNF:0
FNH:0
DA:2,1
DA:3,1
DA:6,1
DA:8,1
DA:51,1
LF:5
LH:5
BRF:0
BRH:0
end_of_record
TN:
SF:src/components/modules/Header/assets/hexapixel_logo.jpg
FNF:0
FNH:0
DA:1,1
LF:1
LH:1
BRF:0
BRH:0
end_of_record
TN:
SF:src/components/modules/HeroImage/HeroImage.tsx
FN:10,(anonymous_1)
FNF:1
FNH:1
FNDA:1,(anonymous_1)
DA:5,1
DA:10,1
DA:11,1
DA:29,1
LF:4
LH:4
BRF:0
BRH:0
end_of_record
TN:
SF:src/components/modules/HeroImage/StyledHeroImage.ts
FNF:0
FNH:0
DA:2,1
DA:3,1
DA:6,1
DA:8,1
DA:87,1
LF:5
LH:5
BRF:0
BRH:0
end_of_record
TN:
SF:src/components/modules/HeroImage/assets/karlSlider.jpg
FNF:0
FNH:0
DA:1,1
LF:1
LH:1
BRF:0
BRH:0
end_of_record
TN:
SF:src/components/pages/Home/Home.tsx
FN:17,(anonymous_1)
FNF:1
FNH:1
FNDA:1,(anonymous_1)
DA:5,1
DA:6,1
DA:7,1
DA:8,1
DA:9,1
DA:12,1
DA:17,1
DA:18,1
DA:29,1
LF:9
LH:9
BRF:0
BRH:0
end_of_record
TN:
SF:src/components/pages/Home/StyledHome.ts
FNF:0
FNH:0
DA:2,1
DA:3,1
DA:6,1
DA:9,1
DA:11,1
DA:54,1
LF:6
LH:6
BRF:0
BRH:0
end_of_record
TN:
SF:src/components/pages/Resume/Resume.tsx
FN:17,(anonymous_1)
FN:40,(anonymous_2)
FN:47,(anonymous_3)
FN:57,(anonymous_4)
FN:61,(anonymous_5)
FNF:5
FNH:0
FNDA:0,(anonymous_1)
FNDA:0,(anonymous_2)
FNDA:0,(anonymous_3)
FNDA:0,(anonymous_4)
FNDA:0,(anonymous_5)
DA:5,1
DA:8,1
DA:11,1
DA:12,1
DA:17,1
DA:18,0
DA:41,0
DA:47,0
DA:58,0
DA:61,0
DA:92,1
LF:11
LH:6
BRF:0
BRH:0
end_of_record
TN:
SF:src/components/pages/Resume/StyledResume.ts
FNF:0
FNH:0
DA:2,1
DA:3,1
DA:6,1
DA:7,1
DA:9,1
DA:420,1
LF:6
LH:6
BRF:0
BRH:0
end_of_record
TN:
SF:src/globalAssets/data/projects.ts
FNF:0
FNH:0
DA:4,1
DA:56,1
LF:2
LH:2
BRF:0
BRH:0
end_of_record
TN:
SF:src/globalAssets/data/resume.ts
FNF:0
FNH:0
DA:5,1
DA:187,1
LF:2
LH:2
BRF:0
BRH:0
end_of_record
TN:
SF:src/globalAssets/data/skills.ts
FNF:0
FNH:0
DA:4,1
DA:132,1
LF:2
LH:2
BRF:0
BRH:0
end_of_record
TN:
SF:src/globalAssets/fonts/fonts.js
FNF:0
FNH:0
LF:0
LH:0
BRF:0
BRH:0
end_of_record
TN:
SF:src/globalAssets/fonts/Lato/Lato-Regular.ttf
FNF:0
FNH:0
DA:1,1
LF:1
LH:1
BRF:0
BRH:0
end_of_record
TN:
SF:src/globalAssets/fonts/Montserrat/static/Montserrat-Bold.ttf
FNF:0
FNH:0
DA:1,1
LF:1
LH:1
BRF:0
BRH:0
end_of_record
TN:
SF:src/globalAssets/fonts/Montserrat/static/Montserrat-Regular.ttf
FNF:0
FNH:0
DA:1,1
LF:1
LH:1
BRF:0
BRH:0
end_of_record
TN:
SF:src/globalAssets/fonts/Roboto_Condensed/RobotoCondensed-Regular.ttf
FNF:0
FNH:0
DA:1,1
LF:1
LH:1
BRF:0
BRH:0
end_of_record
TN:
SF:src/globalAssets/images/arrow.png
FNF:0
FNH:0
DA:1,2
LF:1
LH:1
BRF:0
BRH:0
end_of_record
TN:
SF:src/globalAssets/images/bgrep.png
FNF:0
FNH:0
DA:1,1
LF:1
LH:1
BRF:0
BRH:0
end_of_record
TN:
SF:src/globalAssets/images/hexrepeat2.jpg
FNF:0
FNH:0
DA:1,1
LF:1
LH:1
BRF:0
BRH:0
end_of_record
TN:
SF:src/globalAssets/images/projects/jungle.png
FNF:0
FNH:0
DA:1,1
LF:1
LH:1
BRF:0
BRH:0
end_of_record
TN:
SF:src/globalAssets/images/projects/portfolio_rebuild.png
FNF:0
FNH:0
DA:1,1
LF:1
LH:1
BRF:0
BRH:0
end_of_record
TN:
SF:src/globalAssets/images/projects/portfolio_rebuild_2022.png
FNF:0
FNH:0
DA:1,1
LF:1
LH:1
BRF:0
BRH:0
end_of_record
TN:
SF:src/globalAssets/images/projects/react_template_2022.png
FNF:0
FNH:0
DA:1,1
LF:1
LH:1
BRF:0
BRH:0
end_of_record
TN:
SF:src/globalAssets/images/projects/squabble.png
FNF:0
FNH:0
DA:1,1
LF:1
LH:1
BRF:0
BRH:0
end_of_record
TN:
SF:src/globalAssets/images/projects/weather.png
FNF:0
FNH:0
DA:1,1
LF:1
LH:1
BRF:0
BRH:0
end_of_record
TN:
SF:src/globalAssets/images/projects/weather_rebuild.png
FNF:0
FNH:0
DA:1,1
LF:1
LH:1
BRF:0
BRH:0
end_of_record
TN:
SF:src/globalConfig/GlobalStyles.ts
FNF:0
FNH:0
DA:2,1
DA:3,1
DA:6,1
DA:8,1
DA:317,1
LF:5
LH:5
BRF:0
BRH:0
end_of_record
TN:
SF:src/globalConfig/colors.ts
FNF:0
FNH:0
DA:2,2
DA:9,2
LF:2
LH:2
BRF:0
BRH:0
end_of_record
TN:
SF:src/globalConfig/mobile.ts
FN:30,(anonymous_0)
FN:31,(anonymous_1)
FNF:2
FNH:2
FNDA:14,(anonymous_0)
FNDA:52,(anonymous_1)
DA:2,2
DA:10,2
DA:30,2
DA:31,14
DA:34,52
DA:39,14
DA:44,2
LF:7
LH:7
BRF:0
BRH:0
end_of_record
